<?xml version="1.0" encoding="UTF-8"?>
<coverage generated="1529219549856" clover="3.2.0">
  <project timestamp="1529219549856" name="All files">
    <metrics statements="29" coveredstatements="23" conditionals="15" coveredconditionals="9" methods="5" coveredmethods="3" elements="49" coveredelements="35" complexity="0" loc="29" ncloc="29" packages="1" files="1" classes="1">
      <file name="dom.ts" path="/Users/c017188/Desktop/temp/pulltest/simpleshop/bin/ts/util/dom.ts">
        <metrics statements="29" coveredstatements="23" conditionals="15" coveredconditionals="9" methods="5" coveredmethods="3"/>
        <line num="3" count="1" type="stmt"/>
        <line num="5" count="1" type="stmt"/>
        <line num="8" count="1" type="stmt"/>
        <line num="9" count="0" type="cond" truecount="0" falsecount="2"/>
        <line num="10" count="0" type="stmt"/>
        <line num="15" count="1" type="stmt"/>
        <line num="16" count="0" type="cond" truecount="0" falsecount="2"/>
        <line num="17" count="0" type="stmt"/>
        <line num="21" count="1" type="stmt"/>
        <line num="23" count="12" type="stmt"/>
        <line num="24" count="24" type="stmt"/>
        <line num="27" count="12" type="stmt"/>
        <line num="29" count="12" type="cond" truecount="1" falsecount="1"/>
        <line num="30" count="0" type="stmt"/>
        <line num="33" count="12" type="stmt"/>
        <line num="34" count="12" type="cond" truecount="3" falsecount="0"/>
        <line num="37" count="12" type="stmt"/>
        <line num="38" count="12" type="cond" truecount="4" falsecount="0"/>
        <line num="39" count="6" type="stmt"/>
        <line num="41" count="12" type="stmt"/>
        <line num="43" count="12" type="cond" truecount="1" falsecount="1"/>
        <line num="45" count="12" type="stmt"/>
        <line num="46" count="12" type="stmt"/>
        <line num="48" count="12" type="stmt"/>
        <line num="49" count="12" type="stmt"/>
        <line num="51" count="12" type="stmt"/>
        <line num="57" count="0" type="stmt"/>
        <line num="61" count="1" type="stmt"/>
        <line num="62" count="1" type="stmt"/>
      </file>
    </metrics>
  </project>
</coverage>
