<?xml version="1.0" encoding="UTF-8"?>
<coverage generated="1529479607405" clover="3.2.0">
  <project timestamp="1529479607405" name="All files">
    <metrics statements="28" coveredstatements="22" conditionals="17" coveredconditionals="11" methods="5" coveredmethods="3" elements="50" coveredelements="36" complexity="0" loc="28" ncloc="28" packages="1" files="1" classes="1">
      <file name="dom.ts" path="/Users/c017188/Desktop/temp/williams_sonoma/simpleshop/bin/ts/util/dom.ts">
        <metrics statements="28" coveredstatements="22" conditionals="17" coveredconditionals="11" methods="5" coveredmethods="3"/>
        <line num="9" count="1" type="stmt"/>
        <line num="12" count="1" type="cond" truecount="2" falsecount="0"/>
        <line num="15" count="1" type="stmt"/>
        <line num="16" count="0" type="cond" truecount="0" falsecount="2"/>
        <line num="17" count="0" type="stmt"/>
        <line num="22" count="1" type="stmt"/>
        <line num="23" count="0" type="cond" truecount="0" falsecount="2"/>
        <line num="24" count="0" type="stmt"/>
        <line num="28" count="1" type="stmt"/>
        <line num="30" count="12" type="stmt"/>
        <line num="31" count="24" type="stmt"/>
        <line num="34" count="12" type="stmt"/>
        <line num="36" count="12" type="cond" truecount="1" falsecount="1"/>
        <line num="37" count="0" type="stmt"/>
        <line num="40" count="12" type="stmt"/>
        <line num="41" count="12" type="cond" truecount="3" falsecount="0"/>
        <line num="44" count="12" type="stmt"/>
        <line num="45" count="12" type="cond" truecount="4" falsecount="0"/>
        <line num="46" count="6" type="stmt"/>
        <line num="50" count="12" type="cond" truecount="1" falsecount="1"/>
        <line num="52" count="12" type="stmt"/>
        <line num="53" count="12" type="stmt"/>
        <line num="55" count="12" type="stmt"/>
        <line num="56" count="12" type="stmt"/>
        <line num="58" count="12" type="stmt"/>
        <line num="64" count="0" type="stmt"/>
        <line num="68" count="1" type="stmt"/>
        <line num="69" count="1" type="stmt"/>
      </file>
    </metrics>
  </project>
</coverage>
