{"/Users/c017188/Desktop/temp/pulltest/simpleshop/bin/ts/util/dom.ts": {"path":"/Users/c017188/Desktop/temp/pulltest/simpleshop/bin/ts/util/dom.ts","statementMap":{"0":{"start":{"line":3,"column":0},"end":{"line":61,"column":0}},"1":{"start":{"line":5,"column":16},"end":{"line":5,"column":64}},"2":{"start":{"line":8,"column":16},"end":{"line":12,"column":3}},"3":{"start":{"line":9,"column":4},"end":{"line":11,"column":5}},"4":{"start":{"line":10,"column":6},"end":{"line":10,"column":63}},"5":{"start":{"line":15,"column":16},"end":{"line":19,"column":3}},"6":{"start":{"line":16,"column":4},"end":{"line":18,"column":5}},"7":{"start":{"line":17,"column":6},"end":{"line":17,"column":64}},"8":{"start":{"line":21,"column":16},"end":{"line":58,"column":3}},"9":{"start":{"line":23,"column":20},"end":{"line":25,"column":5}},"10":{"start":{"line":24,"column":6},"end":{"line":24,"column":66}},"11":{"start":{"line":27,"column":16},"end":{"line":27,"column":27}},"12":{"start":{"line":29,"column":4},"end":{"line":31,"column":5}},"13":{"start":{"line":30,"column":6},"end":{"line":30,"column":51}},"14":{"start":{"line":33,"column":18},"end":{"line":33,"column":41}},"15":{"start":{"line":34,"column":20},"end":{"line":34,"column":84}},"16":{"start":{"line":37,"column":17},"end":{"line":37,"column":37}},"17":{"start":{"line":38,"column":4},"end":{"line":40,"column":5}},"18":{"start":{"line":39,"column":6},"end":{"line":39,"column":26}},"19":{"start":{"line":41,"column":4},"end":{"line":41,"column":49}},"20":{"start":{"line":43,"column":4},"end":{"line":56,"column":5}},"21":{"start":{"line":45,"column":18},"end":{"line":45,"column":31}},"22":{"start":{"line":46,"column":20},"end":{"line":46,"column":47}},"23":{"start":{"line":48,"column":20},"end":{"line":48,"column":47}},"24":{"start":{"line":49,"column":20},"end":{"line":49,"column":47}},"25":{"start":{"line":51,"column":6},"end":{"line":55,"column":7}},"26":{"start":{"line":57,"column":4},"end":{"line":57,"column":16}},"27":{"start":{"line":61,"column":0},"end":{"line":61,"column":1}},"28":{"start":{"line":3,"column":13},"end":{"line":3,"column":21}},"29":{"start":{"line":62,"column":0},"end":{"line":62,"column":24}}},"fnMap":{"0":{"name":"(anonymous_0)","decl":{"start":{"line":3,"column":0},"end":{"line":null,"column":-1}},"loc":{"start":{"line":3,"column":0},"end":{"line":3,"column":-1}}},"1":{"name":"(anonymous_2)","decl":{"start":{"line":8,"column":29},"end":{"line":null,"column":-1}},"loc":{"start":{"line":8,"column":29},"end":{"line":12,"column":3}}},"2":{"name":"(anonymous_3)","decl":{"start":{"line":15,"column":31},"end":{"line":15,"column":31}},"loc":{"start":{"line":15,"column":46},"end":{"line":19,"column":3}}},"3":{"name":"(anonymous_4)","decl":{"start":{"line":21,"column":24},"end":{"line":21,"column":24}},"loc":{"start":{"line":21,"column":77},"end":{"line":58,"column":3}}},"4":{"name":"(anonymous_5)","decl":{"start":{"line":23,"column":20},"end":{"line":23,"column":20}},"loc":{"start":{"line":23,"column":68},"end":{"line":25,"column":5}}}},"branchMap":{"0":{"loc":{"start":{"line":9,"column":4},"end":{"line":11,"column":5}},"type":"if","locations":[{"start":{"line":9,"column":4},"end":{"line":11,"column":5}},{"start":{"line":9,"column":4},"end":{"line":11,"column":5}}]},"1":{"loc":{"start":{"line":16,"column":4},"end":{"line":18,"column":5}},"type":"if","locations":[{"start":{"line":16,"column":4},"end":{"line":18,"column":5}},{"start":{"line":16,"column":4},"end":{"line":18,"column":5}}]},"2":{"loc":{"start":{"line":29,"column":4},"end":{"line":31,"column":5}},"type":"if","locations":[{"start":{"line":29,"column":4},"end":{"line":31,"column":5}},{"start":{"line":29,"column":4},"end":{"line":31,"column":5}}]},"3":{"loc":{"start":{"line":34,"column":20},"end":{"line":34,"column":35}},"type":"binary-expr","locations":[{"start":{"line":34,"column":20},"end":{"line":34,"column":35}},{"start":{"line":34,"column":41},"end":{"line":34,"column":57}},{"start":{"line":34,"column":61},"end":{"line":34,"column":84}}]},"4":{"loc":{"start":{"line":38,"column":4},"end":{"line":40,"column":5}},"type":"if","locations":[{"start":{"line":38,"column":4},"end":{"line":40,"column":5}},{"start":{"line":38,"column":4},"end":{"line":40,"column":5}}]},"5":{"loc":{"start":{"line":38,"column":7},"end":{"line":38,"column":16}},"type":"binary-expr","locations":[{"start":{"line":38,"column":7},"end":{"line":38,"column":16}},{"start":{"line":38,"column":20},"end":{"line":38,"column":29}}]},"6":{"loc":{"start":{"line":43,"column":4},"end":{"line":56,"column":5}},"type":"if","locations":[{"start":{"line":43,"column":4},"end":{"line":56,"column":5}},{"start":{"line":43,"column":4},"end":{"line":56,"column":5}}]}},"s":{"0":1,"1":1,"2":1,"3":0,"4":0,"5":1,"6":0,"7":0,"8":1,"9":12,"10":24,"11":12,"12":12,"13":0,"14":12,"15":12,"16":12,"17":12,"18":6,"19":12,"20":12,"21":12,"22":12,"23":12,"24":12,"25":12,"26":0,"27":1,"28":1,"29":1},"f":{"0":1,"1":0,"2":0,"3":12,"4":24},"b":{"0":[0,0],"1":[0,0],"2":[0,12],"3":[12,6,6],"4":[6,6],"5":[12,6],"6":[12,0]}}
}
