TN:
SF:/Users/c017188/Desktop/temp/williams_sonoma/simpleshop/bin/ts/util/dom.ts
FN:9,(anonymous_0)
FN:15,(anonymous_2)
FN:22,(anonymous_3)
FN:28,(anonymous_4)
FN:30,(anonymous_5)
FNF:5
FNH:3
FNDA:1,(anonymous_0)
FNDA:0,(anonymous_2)
FNDA:0,(anonymous_3)
FNDA:12,(anonymous_4)
FNDA:24,(anonymous_5)
DA:9,1
DA:12,1
DA:15,1
DA:16,0
DA:17,0
DA:22,1
DA:23,0
DA:24,0
DA:28,1
DA:30,12
DA:31,24
DA:34,12
DA:36,12
DA:37,0
DA:40,12
DA:41,12
DA:44,12
DA:45,12
DA:46,6
DA:50,12
DA:52,12
DA:53,12
DA:55,12
DA:56,12
DA:58,12
DA:64,0
DA:68,1
DA:69,1
LF:28
LH:22
BRDA:12,0,0,1
BRDA:12,0,1,1
BRDA:16,1,0,0
BRDA:16,1,1,0
BRDA:23,2,0,0
BRDA:23,2,1,0
BRDA:36,3,0,0
BRDA:36,3,1,12
BRDA:41,4,0,12
BRDA:41,4,1,6
BRDA:41,4,2,6
BRDA:45,5,0,6
BRDA:45,5,1,6
BRDA:45,6,0,12
BRDA:45,6,1,6
BRDA:50,7,0,12
BRDA:50,7,1,0
BRF:17
BRH:11
end_of_record
