TN:
SF:/Users/c017188/Desktop/temp/pulltest/simpleshop/bin/ts/util/dom.ts
FN:3,(anonymous_0)
FN:8,(anonymous_2)
FN:15,(anonymous_3)
FN:21,(anonymous_4)
FN:23,(anonymous_5)
FNF:5
FNH:3
FNDA:1,(anonymous_0)
FNDA:0,(anonymous_2)
FNDA:0,(anonymous_3)
FNDA:12,(anonymous_4)
FNDA:24,(anonymous_5)
DA:3,1
DA:5,1
DA:8,1
DA:9,0
DA:10,0
DA:15,1
DA:16,0
DA:17,0
DA:21,1
DA:23,12
DA:24,24
DA:27,12
DA:29,12
DA:30,0
DA:33,12
DA:34,12
DA:37,12
DA:38,12
DA:39,6
DA:41,12
DA:43,12
DA:45,12
DA:46,12
DA:48,12
DA:49,12
DA:51,12
DA:57,0
DA:61,1
DA:62,1
LF:29
LH:23
BRDA:9,0,0,0
BRDA:9,0,1,0
BRDA:16,1,0,0
BRDA:16,1,1,0
BRDA:29,2,0,0
BRDA:29,2,1,12
BRDA:34,3,0,12
BRDA:34,3,1,6
BRDA:34,3,2,6
BRDA:38,4,0,6
BRDA:38,4,1,6
BRDA:38,5,0,12
BRDA:38,5,1,6
BRDA:43,6,0,12
BRDA:43,6,1,0
BRF:15
BRH:9
end_of_record
